Size: 100
Time: 0.000880
Time: 0.000650
Time: 0.000623
Time: 0.000691
Time: 0.000711
Time: 0.000698
Time: 0.000697
Time: 0.000722
Time: 0.000656
Time: 0.000614
Time: 0.000638
Time: 0.000646
Time: 0.000630
Time: 0.000711
Time: 0.000710
Time: 0.000689
Time: 0.000687
Time: 0.000634
Time: 0.000619
Time: 0.000637

Size: 1000
Time: 0.006749
Time: 0.005622
Time: 0.005502
Time: 0.005531
Time: 0.004679
Time: 0.004413
Time: 0.004579
Time: 0.004630
Time: 0.005170
Time: 0.005813
Time: 0.005359
Time: 0.005495
Time: 0.006189
Time: 0.006755
Time: 0.006184
Time: 0.004932
Time: 0.004416
Time: 0.005877
Time: 0.005356
Time: 0.004438

Size: 10000
Time: 0.064207
Time: 0.051558
Time: 0.050506
Time: 0.048955
Time: 0.049837
Time: 0.051584
Time: 0.050933
Time: 0.051104
Time: 0.049668
Time: 0.049488
Time: 0.050763
Time: 0.049333
Time: 0.052145
Time: 0.061184
Time: 0.050480
Time: 0.050334
Time: 0.049439
Time: 0.051027
Time: 0.059671
Time: 0.052267

Size: 100000
Time: 0.583192
Time: 0.623333
Time: 0.603870
Time: 0.598588
Time: 0.579583
Time: 0.568606
Time: 0.556881
Time: 0.588235
Time: 0.594472
Time: 0.577535
Time: 0.544250
Time: 0.600288
Time: 0.561335
Time: 0.565627
Time: 0.567278
Time: 0.606221
Time: 0.482565
Time: 0.487107
Time: 0.485345
Time: 0.582494

Size: 1000000
Time: 5.651573
Time: 6.016087
Time: 5.865910
Time: 5.974357
Time: 5.837848
Time: 5.567265
Time: 5.203284
Time: 5.628909
Time: 5.969210
Time: 5.295147
Time: 5.842018
Time: 5.775558
Time: 5.288974
Time: 5.725046
Time: 5.670728
Time: 5.170008
Time: 5.868771
Time: 6.040436
Time: 5.944255
Time: 5.831488

Size: 10000000
Time: 73.694300
Time: 73.797449
Time: 70.182101
Time: 75.032886
Time: 75.572642
Time: 64.931132
Time: 64.883943
Time: 64.743320
Time: 61.011974
Time: 59.784428
Time: 60.043825
Time: 59.761959
Time: 59.742498
Time: 59.704465
Time: 59.768079
Time: 60.095783
Time: 59.869141
Time: 59.930236
Time: 59.975905
Time: 59.887838

