Size: 100
Time: 0.000596
Time: 0.000330
Time: 0.000356
Time: 0.000389
Time: 0.000412
Time: 0.000412
Time: 0.000358
Time: 0.000448
Time: 0.000364
Time: 0.000380
Time: 0.000389
Time: 0.000409
Time: 0.000357
Time: 0.000352
Time: 0.000374
Time: 0.000364
Time: 0.000385
Time: 0.000398
Time: 0.000410
Time: 0.000304

Size: 1000
Time: 0.003211
Time: 0.002706
Time: 0.002780
Time: 0.002631
Time: 0.002569
Time: 0.002815
Time: 0.002634
Time: 0.002608
Time: 0.002817
Time: 0.002614
Time: 0.002549
Time: 0.002872
Time: 0.002565
Time: 0.002588
Time: 0.002854
Time: 0.002570
Time: 0.002609
Time: 0.002846
Time: 0.002617
Time: 0.002563

Size: 10000
Time: 0.034953
Time: 0.033920
Time: 0.033147
Time: 0.033576
Time: 0.033154
Time: 0.030274
Time: 0.030567
Time: 0.032596
Time: 0.028800
Time: 0.028691
Time: 0.028627
Time: 0.029649
Time: 0.028823
Time: 0.028753
Time: 0.028694
Time: 0.028746
Time: 0.028714
Time: 0.028768
Time: 0.028672
Time: 0.028689

Size: 100000
Time: 0.267348
Time: 0.259799
Time: 0.244010
Time: 0.243487
Time: 0.244449
Time: 0.262343
Time: 0.251530
Time: 0.243428
Time: 0.243234
Time: 0.243646
Time: 0.243356
Time: 0.243590
Time: 0.243617
Time: 0.253403
Time: 0.246429
Time: 0.242672
Time: 0.243772
Time: 0.243331
Time: 0.243524
Time: 0.243656

Size: 1000000
Time: 2.576022
Time: 2.563193
Time: 2.541941
Time: 2.541247
Time: 2.537785
Time: 2.541402
Time: 2.551417
Time: 2.543220
Time: 2.528151
Time: 2.531411
Time: 2.530553
Time: 2.531583
Time: 2.531371
Time: 2.528107
Time: 2.526995
Time: 2.530610
Time: 2.529483
Time: 2.528036
Time: 2.529135
Time: 2.529594

Size: 10000000
Time: 30.370189
Time: 30.482050
Time: 30.618296
Time: 30.657147
Time: 30.660562
Time: 30.607930
Time: 30.615207
Time: 30.602114
Time: 30.587953
Time: 30.635759
Time: 30.676363
Time: 30.665885
Time: 30.680096
Time: 30.666449
Time: 30.583555
Time: 30.569168
Time: 30.575634
Time: 30.641012
Time: 30.706532
Time: 30.720404

