Size: 100
Time: 0.000577
Time: 0.000396
Time: 0.000371
Time: 0.000344
Time: 0.000985
Time: 0.000333
Time: 0.000234
Time: 0.000229
Time: 0.000261
Time: 0.000326
Time: 0.000396
Time: 0.000447
Time: 0.000444
Time: 0.000488
Time: 0.000496
Time: 0.000481
Time: 0.000403
Time: 0.000383
Time: 0.000433
Time: 0.000427

Size: 1000
Time: 0.004089
Time: 0.003102
Time: 0.003266
Time: 0.003205
Time: 0.003398
Time: 0.003119
Time: 0.003331
Time: 0.002790
Time: 0.002652
Time: 0.002660
Time: 0.002457
Time: 0.002750
Time: 0.002514
Time: 0.002653
Time: 0.002626
Time: 0.002520
Time: 0.002974
Time: 0.002636
Time: 0.002574
Time: 0.002918

Size: 10000
Time: 0.038339
Time: 0.039628
Time: 0.037324
Time: 0.034826
Time: 0.033534
Time: 0.028774
Time: 0.028411
Time: 0.028438
Time: 0.028454
Time: 0.028402
Time: 0.028382
Time: 0.028358
Time: 0.028411
Time: 0.028358
Time: 0.028402
Time: 0.028361
Time: 0.028359
Time: 0.028376
Time: 0.028333
Time: 0.028422

Size: 100000
Time: 0.265067
Time: 0.261679
Time: 0.246906
Time: 0.246664
Time: 0.246227
Time: 0.254156
Time: 0.253532
Time: 0.274551
Time: 0.258271
Time: 0.257630
Time: 0.257387
Time: 0.257536
Time: 0.264344
Time: 0.263856
Time: 0.257555
Time: 0.257559
Time: 0.257501
Time: 0.257804
Time: 0.257544
Time: 0.257404

Size: 1000000
Time: 2.589927
Time: 2.584545
Time: 2.593549
Time: 2.570104
Time: 2.571556
Time: 2.571066
Time: 2.571542
Time: 2.571281
Time: 2.584121
Time: 2.582287
Time: 2.571738
Time: 2.567028
Time: 2.564778
Time: 2.571817
Time: 2.574372
Time: 2.563363
Time: 2.571793
Time: 2.556250
Time: 2.556212
Time: 2.556513

Size: 10000000
Time: 30.647415
Time: 30.747185
Time: 30.823519
Time: 30.843132
Time: 30.833217
Time: 30.823274
Time: 30.816932
Time: 30.820524
Time: 30.693417
Time: 30.691118
Time: 30.680217
Time: 30.678056
Time: 30.669442
Time: 30.672071
Time: 30.657380
Time: 30.765646
Time: 30.753297
Time: 30.753967
Time: 30.761713
Time: 30.806788

