Size: 100
Time: 0.000614
Time: 0.000465
Time: 0.000490
Time: 0.001168
Time: 0.000320
Time: 0.000287
Time: 0.000315
Time: 0.000363
Time: 0.000304
Time: 0.000331
Time: 0.000342
Time: 0.000284
Time: 0.000350
Time: 0.000350
Time: 0.000272
Time: 0.000265
Time: 0.000292
Time: 0.000591
Time: 0.000586
Time: 0.000433

Size: 1000
Time: 0.003984
Time: 0.003527
Time: 0.003264
Time: 0.002756
Time: 0.003234
Time: 0.002492
Time: 0.002517
Time: 0.002528
Time: 0.002561
Time: 0.002394
Time: 0.002811
Time: 0.002614
Time: 0.002883
Time: 0.002570
Time: 0.002685
Time: 0.003218
Time: 0.003423
Time: 0.003107
Time: 0.003300
Time: 0.003351

Size: 10000
Time: 0.042737
Time: 0.040673
Time: 0.039976
Time: 0.041045
Time: 0.029842
Time: 0.029060
Time: 0.029052
Time: 0.029066
Time: 0.031630
Time: 0.028938
Time: 0.028736
Time: 0.028599
Time: 0.028608
Time: 0.028646
Time: 0.028596
Time: 0.028586
Time: 0.028632
Time: 0.028570
Time: 0.028602
Time: 0.028568

Size: 100000
Time: 0.271630
Time: 0.269626
Time: 0.253735
Time: 0.253314
Time: 0.259519
Time: 0.262806
Time: 0.251383
Time: 0.251548
Time: 0.251710
Time: 0.251411
Time: 0.251160
Time: 0.251679
Time: 0.250961
Time: 0.250999
Time: 0.251006
Time: 0.262559
Time: 0.254096
Time: 0.251428
Time: 0.251153
Time: 0.251566

Size: 1000000
Time: 2.621535
Time: 2.610439
Time: 2.596070
Time: 2.617992
Time: 2.589651
Time: 2.594482
Time: 2.613811
Time: 2.590516
Time: 2.588373
Time: 2.585150
Time: 2.582410
Time: 2.587923
Time: 2.593461
Time: 2.595701
Time: 2.586194
Time: 2.590457
Time: 2.591581
Time: 2.596163
Time: 2.598782
Time: 2.593141

Size: 10000000
Time: 31.186126
Time: 31.205398
Time: 31.291732
Time: 31.153895
Time: 31.123607
Time: 31.072629
Time: 31.081048
Time: 31.095279
Time: 31.089664
Time: 31.094574
Time: 31.089269
Time: 31.178402
Time: 31.158057
Time: 31.196152
Time: 31.330149
Time: 31.340821
Time: 31.322489
Time: 31.287242
Time: 31.162884
Time: 31.132406

