Size: 100
Time: 0.000705
Time: 0.000537
Time: 0.000505
Time: 0.000448
Time: 0.000408
Time: 0.000303
Time: 0.000376
Time: 0.000469
Time: 0.000575
Time: 0.000521
Time: 0.000512
Time: 0.000514
Time: 0.000536
Time: 0.000520
Time: 0.000524
Time: 0.000343
Time: 0.000315
Time: 0.000331
Time: 0.000414
Time: 0.000429

Size: 1000
Time: 0.004040
Time: 0.003758
Time: 0.003467
Time: 0.002571
Time: 0.002134
Time: 0.002253
Time: 0.002337
Time: 0.003060
Time: 0.002830
Time: 0.003146
Time: 0.002849
Time: 0.002899
Time: 0.002036
Time: 0.002562
Time: 0.002698
Time: 0.003005
Time: 0.002532
Time: 0.002760
Time: 0.002856
Time: 0.003230

Size: 10000
Time: 0.039614
Time: 0.040748
Time: 0.037370
Time: 0.036347
Time: 0.030208
Time: 0.030046
Time: 0.029986
Time: 0.029983
Time: 0.029935
Time: 0.029318
Time: 0.027983
Time: 0.027914
Time: 0.028004
Time: 0.028004
Time: 0.027928
Time: 0.027895
Time: 0.027888
Time: 0.027926
Time: 0.028042
Time: 0.027818

Size: 100000
Time: 0.271274
Time: 0.269329
Time: 0.254014
Time: 0.253665
Time: 0.257139
Time: 0.260008
Time: 0.252668
Time: 0.252639
Time: 0.252903
Time: 0.252433
Time: 0.252340
Time: 0.252690
Time: 0.252817
Time: 0.252700
Time: 0.252958
Time: 0.263303
Time: 0.255466
Time: 0.252865
Time: 0.252191
Time: 0.253106

Size: 1000000
Time: 2.672472
Time: 2.653364
Time: 2.636533
Time: 2.654259
Time: 2.630222
Time: 2.643164
Time: 2.646338
Time: 2.619689
Time: 2.621489
Time: 2.620702
Time: 2.622590
Time: 2.620580
Time: 2.623457
Time: 2.623593
Time: 2.625238
Time: 2.630518
Time: 2.630241
Time: 2.616463
Time: 2.620947
Time: 2.618983

Size: 10000000
Time: 31.712450
Time: 31.690873
Time: 31.778895
Time: 31.982936
Time: 31.901899
Time: 31.899035
Time: 32.012698
Time: 31.911610
Time: 31.935359
Time: 32.055793
Time: 31.982534
Time: 32.056415
Time: 32.039766
Time: 31.853910
Time: 31.829232
Time: 31.927869
Time: 31.972427
Time: 31.948550
Time: 32.032459
Time: 31.961303

