Size: 100
Time: 0.000481
Time: 0.000330
Time: 0.000290
Time: 0.001246
Time: 0.000291
Time: 0.000343
Time: 0.000298
Time: 0.000235
Time: 0.000261
Time: 0.000201
Time: 0.000211
Time: 0.000293
Time: 0.000240
Time: 0.000199
Time: 0.000146
Time: 0.000173
Time: 0.000217
Time: 0.000201
Time: 0.000220
Time: 0.000175

Size: 1000
Time: 0.002438
Time: 0.002203
Time: 0.001829
Time: 0.001507
Time: 0.001782
Time: 0.002753
Time: 0.002439
Time: 0.002607
Time: 0.002060
Time: 0.001799
Time: 0.001990
Time: 0.001867
Time: 0.001724
Time: 0.001698
Time: 0.001383
Time: 0.001307
Time: 0.001422
Time: 0.001456
Time: 0.001506
Time: 0.001852

Size: 10000
Time: 0.026799
Time: 0.022976
Time: 0.022490
Time: 0.022897
Time: 0.018985
Time: 0.018589
Time: 0.019859
Time: 0.017773
Time: 0.017149
Time: 0.017221
Time: 0.017231
Time: 0.017462
Time: 0.017211
Time: 0.017291
Time: 0.017506
Time: 0.017883
Time: 0.017857
Time: 0.017259
Time: 0.017527
Time: 0.017616

Size: 100000
Time: 0.172255
Time: 0.152180
Time: 0.152537
Time: 0.150997
Time: 0.150722
Time: 0.150896
Time: 0.151974
Time: 0.149579
Time: 0.150259
Time: 0.155315
Time: 0.163114
Time: 0.157001
Time: 0.153821
Time: 0.154469
Time: 0.153724
Time: 0.149857
Time: 0.150574
Time: 0.151619
Time: 0.151939
Time: 0.151590

Size: 1000000
Time: 1.619548
Time: 1.627616
Time: 1.629600
Time: 1.633378
Time: 1.594548
Time: 1.612702
Time: 1.596419
Time: 1.594546
Time: 1.606311
Time: 1.592233
Time: 1.621317
Time: 1.610417
Time: 1.621624
Time: 1.599501
Time: 1.612314
Time: 1.590655
Time: 1.598791
Time: 1.584181
Time: 1.608316
Time: 1.636599

Size: 10000000
Time: 18.804120
Time: 18.850653
Time: 18.876607
Time: 18.958055
Time: 18.862286
Time: 18.855558
Time: 18.956863
Time: 18.949816
Time: 18.788710
Time: 18.879937
Time: 19.026823
Time: 18.900981
Time: 18.815893
Time: 18.921007
Time: 18.737196
Time: 18.766073
Time: 18.883621
Time: 18.985376
Time: 18.926702
Time: 18.838811

