Size: 100
Time: 0.000475
Time: 0.000395
Time: 0.000396
Time: 0.000392
Time: 0.000393
Time: 0.000390
Time: 0.000390
Time: 0.000393
Time: 0.000405
Time: 0.000391
Time: 0.000391
Time: 0.000390
Time: 0.000395
Time: 0.000393
Time: 0.000391
Time: 0.000388
Time: 0.000389
Time: 0.000392
Time: 0.000389
Time: 0.000388
Aveg: 0.000396

Size: 1000
Time: 0.004360
Time: 0.003898
Time: 0.003709
Time: 0.003659
Time: 0.004169
Time: 0.003991
Time: 0.003664
Time: 0.003641
Time: 0.003660
Time: 0.003637
Time: 0.003641
Time: 0.003648
Time: 0.003800
Time: 0.004241
Time: 0.003710
Time: 0.003646
Time: 0.003660
Time: 0.003641
Time: 0.003649
Time: 0.003643
Aveg: 0.004180

Size: 10000
Time: 0.041485
Time: 0.041332
Time: 0.041319
Time: 0.041123
Time: 0.041960
Time: 0.041377
Time: 0.040972
Time: 0.041936
Time: 0.041539
Time: 0.041044
Time: 0.042158
Time: 0.041340
Time: 0.041174
Time: 0.041712
Time: 0.041510
Time: 0.041110
Time: 0.041895
Time: 0.041311
Time: 0.041028
Time: 0.041684
Aveg: 0.045630

Size: 100000
Time: 0.526484
Time: 0.468521
Time: 0.467320
Time: 0.464188
Time: 0.464553
Time: 0.464785
Time: 0.468691
Time: 0.466867
Time: 0.471255
Time: 0.468670
Time: 0.466491
Time: 0.467820
Time: 0.467561
Time: 0.463912
Time: 0.466419
Time: 0.468631
Time: 0.466475
Time: 0.464203
Time: 0.465195
Time: 0.465831
Aveg: 0.515324

Size: 1000000
Time: 5.883274
Time: 6.015518
Time: 6.126592
Time: 6.089262
Time: 6.079761
Time: 6.104052
Time: 6.006798
Time: 6.179335
Time: 6.121146
Time: 6.111656
Time: 6.009426
Time: 5.921514
Time: 6.125709
Time: 6.051980
Time: 6.042297
Time: 5.913482
Time: 6.095284
Time: 6.094026
Time: 6.024690
Time: 6.051683
Aveg: 6.567698

Size: 10000000
Time: 70.311260
Time: 71.992477
Time: 76.838025
Time: 67.263507
Time: 75.252296
Time: 69.419368
Time: 76.972974
Time: 73.393733
Time: 71.882339
Time: 69.329844
Time: 72.555085
Time: 73.480436
Time: 70.484774
Time: 73.235670
Time: 69.567313
Time: 73.259339
Time: 69.480781
Time: 70.180518
Time: 72.426862
Time: 73.277814
Aveg: 78.597919

