Size: 100
Time: 0.000330
Time: 0.000240
Time: 0.000238
Time: 0.000234
Time: 0.000235
Time: 0.000248
Time: 0.000237
Time: 0.000226
Time: 0.000204
Time: 0.000210
Time: 0.000203
Time: 0.000202
Time: 0.000208
Time: 0.000204
Time: 0.000202
Time: 0.000213
Time: 0.000207
Time: 0.000203
Time: 0.000202
Time: 0.000213
Aveg: 0.000223

Size: 1000
Time: 0.002208
Time: 0.001871
Time: 0.001863
Time: 0.001862
Time: 0.001907
Time: 0.002253
Time: 0.001873
Time: 0.001858
Time: 0.001870
Time: 0.001870
Time: 0.001916
Time: 0.001859
Time: 0.001868
Time: 0.001856
Time: 0.001884
Time: 0.001905
Time: 0.001861
Time: 0.001888
Time: 0.001864
Time: 0.001892
Aveg: 0.002134

Size: 10000
Time: 0.023697
Time: 0.024081
Time: 0.023958
Time: 0.023720
Time: 0.023348
Time: 0.023803
Time: 0.023720
Time: 0.023841
Time: 0.023935
Time: 0.023279
Time: 0.023829
Time: 0.023831
Time: 0.023658
Time: 0.023569
Time: 0.023364
Time: 0.023694
Time: 0.024067
Time: 0.023809
Time: 0.023774
Time: 0.023462
Aveg: 0.025856

Size: 100000
Time: 0.292753
Time: 0.272982
Time: 0.276075
Time: 0.273099
Time: 0.273238
Time: 0.271487
Time: 0.272613
Time: 0.272008
Time: 0.275354
Time: 0.273133
Time: 0.275224
Time: 0.272365
Time: 0.272289
Time: 0.272947
Time: 0.276263
Time: 0.272470
Time: 0.275038
Time: 0.272705
Time: 0.273856
Time: 0.272404
Aveg: 0.300271

Size: 1000000
Time: 3.212273
Time: 3.341464
Time: 3.388834
Time: 3.396765
Time: 3.421708
Time: 3.404093
Time: 3.308272
Time: 3.441359
Time: 3.382413
Time: 3.387501
Time: 3.340406
Time: 3.214793
Time: 3.401904
Time: 3.336165
Time: 3.340630
Time: 3.219940
Time: 3.398888
Time: 3.403585
Time: 3.325480
Time: 3.338394
Aveg: 3.650515

Size: 10000000
Time: 38.957857
Time: 38.998228
Time: 41.365412
Time: 37.479527
Time: 40.617560
Time: 38.629905
Time: 41.420765
Time: 40.193073
Time: 39.682869
Time: 38.416753
Time: 39.832611
Time: 40.051750
Time: 39.279198
Time: 40.192096
Time: 38.800935
Time: 40.195772
Time: 38.618018
Time: 39.078394
Time: 39.434205
Time: 40.272282
Aveg: 43.226375

