Size: 100
Time: 0.000237
Time: 0.000159
Time: 0.000151
Time: 0.000151
Time: 0.000148
Time: 0.000137
Time: 0.000131
Time: 0.000149
Time: 0.000130
Time: 0.000125
Time: 0.000125
Time: 0.000137
Time: 0.000125
Time: 0.000129
Time: 0.000126
Time: 0.000125
Time: 0.000128
Time: 0.000126
Time: 0.000125
Time: 0.000122
Time: 0.000125
Time: 0.000121
Time: 0.000125
Time: 0.000122
Time: 0.000126
Time: 0.000122
Time: 0.000125
Time: 0.000121
Time: 0.000126
Time: 0.000122
Time: 0.000125
Time: 0.000123
Time: 0.000126
Time: 0.000181
Time: 0.000130
Time: 0.000123
Time: 0.000124
Time: 0.000131
Time: 0.000123
Time: 0.000121
Time: 0.000129
Time: 0.000122
Time: 0.000125
Time: 0.000124
Time: 0.000139
Time: 0.000124
Time: 0.000121
Time: 0.000121
Time: 0.000131
Time: 0.000123
Time: 0.000121
Time: 0.000121
Time: 0.000130
Time: 0.000123
Time: 0.000121
Time: 0.000121
Time: 0.000133
Time: 0.000129
Time: 0.000122
Time: 0.000122
Time: 0.000122
Time: 0.000136
Time: 0.000124
Time: 0.000123
Time: 0.000122
Time: 0.000122
Time: 0.000127
Time: 0.000125
Time: 0.000125
Time: 0.000122
Time: 0.000122
Time: 0.000130
Time: 0.000122
Time: 0.000126
Time: 0.000121
Time: 0.000123
Time: 0.000126
Time: 0.000120
Time: 0.000120
Time: 0.000120
Time: 0.000120
Time: 0.000126
Time: 0.000120
Time: 0.000120
Time: 0.000120
Time: 0.000120
Time: 0.000125
Time: 0.000120
Time: 0.000120
Time: 0.000120
Time: 0.000120
Time: 0.000124
Time: 0.000120
Time: 0.000120
Time: 0.000120
Time: 0.000120
Time: 0.000126
Time: 0.000120
Time: 0.000120
Time: 0.000121
Aveg: 0.000127

Size: 1000
Time: 0.001309
Time: 0.001396
Time: 0.001232
Time: 0.001456
Time: 0.001079
Time: 0.001060
Time: 0.001049
Time: 0.001092
Time: 0.001107
Time: 0.001053
Time: 0.001056
Time: 0.001048
Time: 0.001047
Time: 0.001046
Time: 0.001054
Time: 0.001067
Time: 0.001049
Time: 0.001050
Time: 0.001055
Time: 0.001048
Time: 0.001046
Time: 0.001048
Time: 0.001056
Time: 0.001049
Time: 0.001048
Time: 0.001056
Time: 0.001048
Time: 0.001080
Time: 0.001080
Time: 0.001327
Time: 0.001285
Time: 0.001358
Time: 0.001080
Time: 0.001056
Time: 0.001050
Time: 0.001048
Time: 0.001053
Time: 0.001047
Time: 0.001047
Time: 0.001048
Time: 0.001055
Time: 0.001047
Time: 0.001047
Time: 0.001053
Time: 0.001048
Time: 0.001098
Time: 0.001048
Time: 0.001055
Time: 0.001138
Time: 0.001171
Time: 0.001052
Time: 0.001056
Time: 0.001048
Time: 0.001048
Time: 0.001047
Time: 0.001053
Time: 0.001050
Time: 0.001052
Time: 0.001214
Time: 0.001391
Time: 0.001070
Time: 0.001057
Time: 0.001059
Time: 0.001096
Time: 0.001052
Time: 0.001054
Time: 0.001049
Time: 0.001048
Time: 0.001048
Time: 0.001054
Time: 0.001048
Time: 0.001049
Time: 0.001049
Time: 0.001054
Time: 0.001048
Time: 0.001048
Time: 0.001049
Time: 0.001053
Time: 0.001048
Time: 0.001048
Time: 0.001050
Time: 0.001082
Time: 0.001048
Time: 0.001048
Time: 0.001054
Time: 0.001052
Time: 0.001195
Time: 0.001399
Time: 0.001083
Time: 0.001061
Time: 0.001050
Time: 0.001056
Time: 0.001048
Time: 0.001048
Time: 0.001048
Time: 0.001055
Time: 0.001049
Time: 0.001049
Time: 0.001048
Time: 0.001101
Aveg: 0.001215

Size: 10000
Time: 0.014751
Time: 0.014758
Time: 0.014213
Time: 0.014646
Time: 0.014109
Time: 0.014708
Time: 0.014149
Time: 0.014646
Time: 0.014120
Time: 0.014740
Time: 0.014231
Time: 0.014425
Time: 0.014124
Time: 0.014322
Time: 0.014181
Time: 0.014381
Time: 0.014131
Time: 0.014415
Time: 0.014265
Time: 0.014416
Time: 0.014111
Time: 0.014379
Time: 0.014204
Time: 0.014359
Time: 0.014120
Time: 0.014488
Time: 0.014168
Time: 0.014534
Time: 0.014081
Time: 0.014589
Time: 0.014206
Time: 0.014358
Time: 0.014142
Time: 0.014328
Time: 0.014209
Time: 0.014220
Time: 0.014274
Time: 0.014125
Time: 0.014225
Time: 0.014130
Time: 0.014439
Time: 0.014124
Time: 0.014427
Time: 0.014204
Time: 0.014437
Time: 0.014093
Time: 0.014368
Time: 0.014168
Time: 0.014354
Time: 0.014183
Time: 0.014333
Time: 0.014160
Time: 0.014444
Time: 0.014110
Time: 0.014361
Time: 0.014186
Time: 0.014360
Time: 0.014102
Time: 0.014350
Time: 0.014114
Time: 0.014364
Time: 0.014096
Time: 0.014344
Time: 0.014196
Time: 0.014323
Time: 0.014096
Time: 0.014241
Time: 0.014256
Time: 0.014188
Time: 0.014226
Time: 0.014198
Time: 0.014259
Time: 0.014353
Time: 0.014286
Time: 0.014209
Time: 0.014356
Time: 0.014192
Time: 0.014357
Time: 0.014222
Time: 0.014332
Time: 0.014177
Time: 0.014264
Time: 0.014273
Time: 0.014406
Time: 0.014181
Time: 0.014266
Time: 0.014157
Time: 0.014421
Time: 0.014166
Time: 0.014326
Time: 0.014209
Time: 0.014376
Time: 0.014150
Time: 0.014199
Time: 0.014241
Time: 0.014560
Time: 0.014172
Time: 0.014358
Time: 0.014577
Time: 0.014419
Aveg: 0.015508

Size: 100000
Time: 0.175458
Time: 0.164734
Time: 0.167397
Time: 0.165746
Time: 0.166738
Time: 0.165854
Time: 0.166114
Time: 0.165856
Time: 0.165660
Time: 0.165262
Time: 0.165513
Time: 0.191683
Time: 0.165691
Time: 0.165002
Time: 0.165717
Time: 0.166809
Time: 0.166912
Time: 0.166702
Time: 0.167517
Time: 0.167516
Time: 0.166250
Time: 0.166463
Time: 0.166501
Time: 0.166335
Time: 0.165477
Time: 0.166746
Time: 0.166899
Time: 0.167502
Time: 0.166695
Time: 0.167288
Time: 0.167001
Time: 0.166694
Time: 0.166935
Time: 0.167880
Time: 0.166649
Time: 0.167130
Time: 0.167227
Time: 0.166984
Time: 0.166993
Time: 0.167411
Time: 0.166892
Time: 0.166970
Time: 0.166976
Time: 0.167135
Time: 0.167113
Time: 0.166630
Time: 0.166731
Time: 0.167356
Time: 0.166906
Time: 0.166397
Time: 0.166744
Time: 0.166995
Time: 0.166566
Time: 0.166823
Time: 0.167218
Time: 0.166758
Time: 0.166461
Time: 0.166880
Time: 0.166863
Time: 0.166540
Time: 0.166399
Time: 0.166653
Time: 0.166518
Time: 0.166566
Time: 0.166470
Time: 0.166683
Time: 0.166135
Time: 0.167161
Time: 0.166653
Time: 0.167629
Time: 0.166645
Time: 0.166922
Time: 0.167262
Time: 0.166748
Time: 0.166709
Time: 0.166466
Time: 0.167734
Time: 0.166592
Time: 0.165541
Time: 0.164870
Time: 0.166018
Time: 0.166539
Time: 0.166681
Time: 0.166604
Time: 0.166485
Time: 0.164967
Time: 0.166188
Time: 0.166042
Time: 0.165724
Time: 0.165608
Time: 0.165575
Time: 0.165422
Time: 0.164888
Time: 0.164700
Time: 0.166027
Time: 0.164597
Time: 0.165048
Time: 0.165253
Time: 0.164448
Time: 0.165866
Aveg: 0.182277

Size: 1000000
Time: 1.827576
Time: 1.829491
Time: 1.826963
Time: 1.829947
Time: 1.831523
Time: 1.828353
Time: 1.829576
Time: 1.827594
Time: 1.828552
Time: 1.828236
Time: 1.829059
Time: 1.827350
Time: 1.828741
Time: 1.830002
Time: 1.830386
Time: 1.827985
Time: 1.828845
Time: 1.828121
Time: 1.830098
Time: 1.826402
Time: 1.824775
Time: 1.827476
Time: 1.819572
Time: 1.822604
Time: 1.869739
Time: 1.818200
Time: 1.841996
Time: 1.826571
Time: 1.827138
Time: 1.829787
Time: 1.828972
Time: 1.826914
Time: 1.828332
Time: 1.833066
Time: 1.831964
Time: 1.830593
Time: 1.831810
Time: 1.828629
Time: 1.841530
Time: 1.827175
Time: 1.832551
Time: 1.830593
Time: 1.826717
Time: 1.830736
Time: 1.829684
Time: 1.825517
Time: 1.828261
Time: 1.831636
Time: 1.842112
Time: 1.831804
Time: 1.827797
Time: 1.827944
Time: 1.826799
Time: 1.831209
Time: 1.826152
Time: 1.829932
Time: 1.832391
Time: 1.834398
Time: 1.828928
Time: 1.831750
Time: 1.829808
Time: 1.819819
Time: 1.831432
Time: 1.831317
Time: 1.827788
Time: 1.830321
Time: 1.824996
Time: 1.827896
Time: 1.827868
Time: 1.827628
Time: 1.826300
Time: 1.826930
Time: 1.826707
Time: 1.826557
Time: 1.827433
Time: 1.827649
Time: 1.823042
Time: 1.829634
Time: 1.827035
Time: 1.828130
Time: 1.825942
Time: 1.829868
Time: 1.829220
Time: 1.821246
Time: 1.821337
Time: 1.827044
Time: 1.827539
Time: 1.829728
Time: 1.829083
Time: 1.837647
Time: 1.823022
Time: 1.826123
Time: 1.856085
Time: 1.829193
Time: 1.827394
Time: 1.827463
Time: 1.831477
Time: 1.824416
Time: 1.826269
Time: 1.828005
Aveg: 2.011526

Size: 10000000
Time: 19.291811
Time: 19.170131
Time: 19.269003
Time: 19.195873
Time: 19.188927
Time: 19.209875
Time: 19.196911
Time: 19.175381
Time: 19.204994
Time: 19.199811
Time: 19.179038
Time: 19.194829
Time: 19.188613
Time: 19.177585
Time: 19.207609
Time: 19.190181
Time: 19.179635
Time: 19.207885
Time: 19.206880
Time: 19.182827
Time: 19.252072
Time: 19.196779
Time: 19.233456
Time: 19.274634
Time: 19.199236
Time: 19.218880
Time: 19.199164
Time: 19.190349
Time: 19.317365
Time: 19.204153
Time: 19.239840
Time: 19.207800
Time: 19.198881
Time: 19.203070
Time: 19.202982
Time: 19.191759
Time: 19.210155
Time: 19.184808
Time: 19.210482
Time: 19.226317
Time: 19.216457
Time: 19.203326
Time: 19.224360
Time: 19.201281
Time: 19.205580
Time: 19.233976
Time: 19.191238
Time: 19.207222
Time: 19.228017
Time: 19.190612
Time: 19.225687
Time: 19.208312
Time: 19.241598
Time: 19.201762
Time: 19.235392
Time: 19.248140
Time: 19.182628
Time: 19.218237
Time: 19.267634
Time: 19.255076
Time: 19.316174
Time: 19.337662
Time: 19.232544
Time: 19.296026
Time: 19.284950
Time: 19.157280
Time: 19.207522
Time: 19.243058
Time: 19.189871
Time: 19.192917
Time: 19.199044
Time: 19.168181
Time: 19.181831
Time: 19.222213
Time: 19.240352
Time: 19.182395
Time: 19.197663
Time: 19.168453
Time: 19.225426
Time: 19.234348
Time: 19.244793
Time: 19.235786
Time: 19.240878
Time: 19.300224
Time: 19.235652
Time: 19.230030
Time: 19.249423
Time: 19.232632
Time: 19.222863
Time: 19.199648
Time: 19.175958
Time: 19.185008
Time: 19.228888
Time: 19.208421
Time: 19.282616
Time: 19.274865
Time: 19.162536
Time: 19.152627
Time: 19.253989
Time: 19.217042
Aveg: 21.229309

