Size: 10
Time: 0.000088
Time: 0.000027
Time: 0.000030
Time: 0.000022
Time: 0.000034
Time: 0.000033
Time: 0.000032
Time: 0.000023
Time: 0.000031
Time: 0.000032
Time: 0.000021
Time: 0.000026
Time: 0.000022
Time: 0.000024
Time: 0.000025
Time: 0.000027
Time: 0.000029
Time: 0.000022
Time: 0.000026
Time: 0.000023
Time: 0.000025
Time: 0.000023
Time: 0.000024
Time: 0.000024
Time: 0.000025
Time: 0.000023
Time: 0.000022
Time: 0.000025
Time: 0.000022
Time: 0.000026
Time: 0.000022
Time: 0.000025
Time: 0.000022
Time: 0.000024
Time: 0.000022
Time: 0.000026
Time: 0.000022
Time: 0.000025
Time: 0.000022
Time: 0.000024
Time: 0.000022
Time: 0.000027
Time: 0.000021
Time: 0.000025
Time: 0.000023
Time: 0.000022
Time: 0.000023
Time: 0.000023
Time: 0.000025
Time: 0.000021
Time: 0.000025
Time: 0.000034
Time: 0.000021
Time: 0.000021
Time: 0.000020
Time: 0.000021
Time: 0.000022
Time: 0.000020
Time: 0.000021
Time: 0.000021
Time: 0.000020
Time: 0.000022
Time: 0.000019
Time: 0.000022
Time: 0.000023
Time: 0.000034
Time: 0.000019
Time: 0.000023
Time: 0.000020
Time: 0.000022
Time: 0.000020
Time: 0.000023
Time: 0.000020
Time: 0.000027
Time: 0.000020
Time: 0.000020
Time: 0.000022
Time: 0.000020
Time: 0.000022
Time: 0.000020
Time: 0.000023
Time: 0.000020
Time: 0.000022
Time: 0.000028
Time: 0.000024
Time: 0.000021
Time: 0.000020
Time: 0.000020
Time: 0.000021
Time: 0.000020
Time: 0.000021
Time: 0.000019
Time: 0.000021
Time: 0.000020
Time: 0.000022
Time: 0.000031
Time: 0.000025
Time: 0.000019
Time: 0.000022
Time: 0.000018
Aveg: 0.000024

Size: 100
Time: 0.000157
Time: 0.000122
Time: 0.000119
Time: 0.000110
Time: 0.000119
Time: 0.000110
Time: 0.000110
Time: 0.000121
Time: 0.000116
Time: 0.000110
Time: 0.000119
Time: 0.000108
Time: 0.000118
Time: 0.000131
Time: 0.000112
Time: 0.000110
Time: 0.000122
Time: 0.000112
Time: 0.000109
Time: 0.000110
Time: 0.000122
Time: 0.000113
Time: 0.000109
Time: 0.000107
Time: 0.000122
Time: 0.000111
Time: 0.000109
Time: 0.000108
Time: 0.000122
Time: 0.000110
Time: 0.000108
Time: 0.000108
Time: 0.000107
Time: 0.000122
Time: 0.000110
Time: 0.000111
Time: 0.000110
Time: 0.000108
Time: 0.000127
Time: 0.000109
Time: 0.000108
Time: 0.000107
Time: 0.000108
Time: 0.000107
Time: 0.000125
Time: 0.000118
Time: 0.000110
Time: 0.000109
Time: 0.000108
Time: 0.000108
Time: 0.000129
Time: 0.000110
Time: 0.000113
Time: 0.000110
Time: 0.000108
Time: 0.000109
Time: 0.000108
Time: 0.000133
Time: 0.000110
Time: 0.000108
Time: 0.000108
Time: 0.000107
Time: 0.000107
Time: 0.000107
Time: 0.000106
Time: 0.000130
Time: 0.000108
Time: 0.000168
Time: 0.000179
Time: 0.000178
Time: 0.000178
Time: 0.000168
Time: 0.000212
Time: 0.000187
Time: 0.000124
Time: 0.000112
Time: 0.000112
Time: 0.000109
Time: 0.000109
Time: 0.000109
Time: 0.000108
Time: 0.000108
Time: 0.000112
Time: 0.000108
Time: 0.000131
Time: 0.000101
Time: 0.000100
Time: 0.000100
Time: 0.000100
Time: 0.000108
Time: 0.000103
Time: 0.000102
Time: 0.000102
Time: 0.000102
Time: 0.000102
Time: 0.000101
Time: 0.000102
Time: 0.000101
Time: 0.000110
Time: 0.000106
Aveg: 0.000141

Size: 1000
Time: 0.007463
Time: 0.001807
Time: 0.001772
Time: 0.001770
Time: 0.001760
Time: 0.001763
Time: 0.001772
Time: 0.001768
Time: 0.001788
Time: 0.001763
Time: 0.001770
Time: 0.001776
Time: 0.001803
Time: 0.001792
Time: 0.001784
Time: 0.001790
Time: 0.001770
Time: 0.001763
Time: 0.001760
Time: 0.001767
Time: 0.001760
Time: 0.001761
Time: 0.001755
Time: 0.001763
Time: 0.001758
Time: 0.001761
Time: 0.001758
Time: 0.001771
Time: 0.001783
Time: 0.001807
Time: 0.001785
Time: 0.001768
Time: 0.001764
Time: 0.001756
Time: 0.001760
Time: 0.001759
Time: 0.001418
Time: 0.000936
Time: 0.000932
Time: 0.000930
Time: 0.000933
Time: 0.000929
Time: 0.000924
Time: 0.000963
Time: 0.000933
Time: 0.000931
Time: 0.000929
Time: 0.000928
Time: 0.000930
Time: 0.000926
Time: 0.000928
Time: 0.001220
Time: 0.001250
Time: 0.001346
Time: 0.001000
Time: 0.001142
Time: 0.000943
Time: 0.000933
Time: 0.000930
Time: 0.000936
Time: 0.000936
Time: 0.000932
Time: 0.000977
Time: 0.000934
Time: 0.000934
Time: 0.000930
Time: 0.000928
Time: 0.000937
Time: 0.000929
Time: 0.000929
Time: 0.000928
Time: 0.000936
Time: 0.000926
Time: 0.000929
Time: 0.000928
Time: 0.000930
Time: 0.000928
Time: 0.000928
Time: 0.000928
Time: 0.000931
Time: 0.000929
Time: 0.001215
Time: 0.001268
Time: 0.001334
Time: 0.000996
Time: 0.001130
Time: 0.000944
Time: 0.000938
Time: 0.000935
Time: 0.000932
Time: 0.000934
Time: 0.000926
Time: 0.000933
Time: 0.000930
Time: 0.000930
Time: 0.000928
Time: 0.000928
Time: 0.000923
Time: 0.000929
Time: 0.000928
Aveg: 0.001463

Size: 10000
Time: 0.015655
Time: 0.013946
Time: 0.015541
Time: 0.014775
Time: 0.014689
Time: 0.014219
Time: 0.014876
Time: 0.014156
Time: 0.014791
Time: 0.013990
Time: 0.014793
Time: 0.014412
Time: 0.014749
Time: 0.014008
Time: 0.014664
Time: 0.014228
Time: 0.014534
Time: 0.014115
Time: 0.014460
Time: 0.014164
Time: 0.014562
Time: 0.014137
Time: 0.014532
Time: 0.014111
Time: 0.014722
Time: 0.014115
Time: 0.014328
Time: 0.014717
Time: 0.014208
Time: 0.014821
Time: 0.014174
Time: 0.014886
Time: 0.014166
Time: 0.014643
Time: 0.014143
Time: 0.014823
Time: 0.014196
Time: 0.014630
Time: 0.014190
Time: 0.014850
Time: 0.014223
Time: 0.014683
Time: 0.014195
Time: 0.014797
Time: 0.018449
Time: 0.014334
Time: 0.014157
Time: 0.014454
Time: 0.014291
Time: 0.014022
Time: 0.014391
Time: 0.014172
Time: 0.014580
Time: 0.013935
Time: 0.014688
Time: 0.013965
Time: 0.014556
Time: 0.013963
Time: 0.014543
Time: 0.013939
Time: 0.014452
Time: 0.014155
Time: 0.014465
Time: 0.013932
Time: 0.014577
Time: 0.013961
Time: 0.014495
Time: 0.014061
Time: 0.014762
Time: 0.013907
Time: 0.014678
Time: 0.013971
Time: 0.014690
Time: 0.013899
Time: 0.014639
Time: 0.014309
Time: 0.014596
Time: 0.014174
Time: 0.014620
Time: 0.014239
Time: 0.014603
Time: 0.014137
Time: 0.014505
Time: 0.014177
Time: 0.014752
Time: 0.014136
Time: 0.014391
Time: 0.014384
Time: 0.014096
Time: 0.014908
Time: 0.014137
Time: 0.014924
Time: 0.014198
Time: 0.014631
Time: 0.014150
Time: 0.014810
Time: 0.014250
Time: 0.014584
Time: 0.014231
Time: 0.014767
Aveg: 0.015917

Size: 100000
Time: 0.184125
Time: 0.181726
Time: 0.181907
Time: 0.185739
Time: 0.182217
Time: 0.183042
Time: 0.183347
Time: 0.181762
Time: 0.183976
Time: 0.181227
Time: 0.182077
Time: 0.182604
Time: 0.183848
Time: 0.182910
Time: 0.184008
Time: 0.181911
Time: 0.183629
Time: 0.183448
Time: 0.183218
Time: 0.183520
Time: 0.182487
Time: 0.183939
Time: 0.184188
Time: 0.182611
Time: 0.183533
Time: 0.182881
Time: 0.182644
Time: 0.183279
Time: 0.182382
Time: 0.182155
Time: 0.182678
Time: 0.183147
Time: 0.183350
Time: 0.183293
Time: 0.184756
Time: 0.184591
Time: 0.182243
Time: 0.183329
Time: 0.182506
Time: 0.183044
Time: 0.182822
Time: 0.182604
Time: 0.184005
Time: 0.184166
Time: 0.181911
Time: 0.184993
Time: 0.183000
Time: 0.185259
Time: 0.183369
Time: 0.183788
Time: 0.184527
Time: 0.184477
Time: 0.184642
Time: 0.183483
Time: 0.182766
Time: 0.182799
Time: 0.183109
Time: 0.183117
Time: 0.184015
Time: 0.183226
Time: 0.185338
Time: 0.182510
Time: 0.183929
Time: 0.183652
Time: 0.182840
Time: 0.184741
Time: 0.183694
Time: 0.184366
Time: 0.183316
Time: 0.182937
Time: 0.182482
Time: 0.183354
Time: 0.183202
Time: 0.183718
Time: 0.180274
Time: 0.182851
Time: 0.183425
Time: 0.183369
Time: 0.183739
Time: 0.181747
Time: 0.183121
Time: 0.183673
Time: 0.184039
Time: 0.184074
Time: 0.183244
Time: 0.183687
Time: 0.183683
Time: 0.182775
Time: 0.183545
Time: 0.180978
Time: 0.183273
Time: 0.182130
Time: 0.183704
Time: 0.183408
Time: 0.181461
Time: 0.181540
Time: 0.182199
Time: 0.180606
Time: 0.183210
Time: 0.182656
Aveg: 0.199095

Size: 1000000
Time: 2.222180
Time: 2.117289
Time: 1.984660
Time: 2.180595
Time: 2.187560
Time: 2.119819
Time: 2.003436
Time: 2.190923
Time: 2.188042
Time: 2.153327
Time: 2.119830
Time: 2.118359
Time: 2.103782
Time: 2.116103
Time: 2.181763
Time: 2.137230
Time: 2.009490
Time: 2.184836
Time: 2.015877
Time: 2.183434
Time: 2.183639
Time: 2.074794
Time: 1.942279
Time: 2.185580
Time: 2.184025
Time: 2.185195
Time: 2.116439
Time: 2.190212
Time: 2.188760
Time: 2.066397
Time: 2.009189
Time: 2.113248
Time: 2.181938
Time: 2.148242
Time: 2.056364
Time: 1.979464
Time: 2.146008
Time: 2.028919
Time: 2.181981
Time: 2.144589
Time: 2.118101
Time: 2.123138
Time: 2.111978
Time: 2.124371
Time: 2.179725
Time: 1.999046
Time: 2.179571
Time: 2.224115
Time: 2.154840
Time: 2.113820
Time: 2.156504
Time: 2.050935
Time: 2.182393
Time: 2.083642
Time: 2.119458
Time: 2.032439
Time: 2.013704
Time: 2.039891
Time: 2.182676
Time: 2.086216
Time: 2.118146
Time: 2.185950
Time: 1.995763
Time: 2.123751
Time: 2.195918
Time: 2.105972
Time: 2.055032
Time: 1.997143
Time: 2.183150
Time: 2.046351
Time: 1.995149
Time: 2.129742
Time: 2.184936
Time: 2.180417
Time: 2.180796
Time: 2.187613
Time: 2.005354
Time: 2.183169
Time: 2.195019
Time: 2.021112
Time: 2.164267
Time: 2.183867
Time: 2.113331
Time: 2.117838
Time: 2.101655
Time: 2.188333
Time: 2.015761
Time: 2.032549
Time: 2.178510
Time: 2.189114
Time: 2.213440
Time: 2.151524
Time: 2.127141
Time: 2.027873
Time: 2.114663
Time: 1.933825
Time: 2.012547
Time: 2.109370
Time: 2.114224
Time: 2.196623
Aveg: 2.315688

