Size: 10
Time: 0.000092
Time: 0.000037
Time: 0.000027
Time: 0.000031
Time: 0.000028
Time: 0.000033
Time: 0.000025
Time: 0.000026
Time: 0.000030
Time: 0.000026
Time: 0.000026
Time: 0.000025
Time: 0.000025
Time: 0.000025
Time: 0.000025
Time: 0.000025
Time: 0.000025
Time: 0.000025
Time: 0.000025
Time: 0.000026
Time: 0.000026
Time: 0.000027
Time: 0.000027
Time: 0.000027
Time: 0.000038
Time: 0.000031
Time: 0.000027
Time: 0.000025
Time: 0.000025
Time: 0.000025
Time: 0.000025
Time: 0.000025
Time: 0.000027
Time: 0.000026
Time: 0.000026
Time: 0.000026
Time: 0.000026
Time: 0.000028
Time: 0.000028
Time: 0.000027
Time: 0.000027
Time: 0.000027
Time: 0.000027
Time: 0.000027
Time: 0.000027
Time: 0.000027
Time: 0.000027
Time: 0.000027
Time: 0.000027
Time: 0.000027
Time: 0.000027
Time: 0.000027
Time: 0.000027
Time: 0.000027
Time: 0.000025
Time: 0.000028
Time: 0.000026
Time: 0.000025
Time: 0.000025
Time: 0.000027
Time: 0.000026
Time: 0.000026
Time: 0.000027
Time: 0.000027
Time: 0.000025
Time: 0.000026
Time: 0.000027
Time: 0.000026
Time: 0.000025
Time: 0.000026
Time: 0.000026
Time: 0.000025
Time: 0.000026
Time: 0.000026
Time: 0.000026
Time: 0.000025
Time: 0.000026
Time: 0.000026
Time: 0.000025
Time: 0.000033
Time: 0.000026
Time: 0.000025
Time: 0.000024
Time: 0.000026
Time: 0.000026
Time: 0.000025
Time: 0.000025
Time: 0.000027
Time: 0.000026
Time: 0.000024
Time: 0.000025
Time: 0.000024
Time: 0.000024
Time: 0.000025
Time: 0.000026
Time: 0.000026
Time: 0.000026
Time: 0.000025
Time: 0.000025
Time: 0.000027
Aveg: 0.000027

Size: 100
Time: 0.000241
Time: 0.000187
Time: 0.000190
Time: 0.000186
Time: 0.000184
Time: 0.000182
Time: 0.000183
Time: 0.000182
Time: 0.000321
Time: 0.000184
Time: 0.000187
Time: 0.000186
Time: 0.000185
Time: 0.000183
Time: 0.000185
Time: 0.000182
Time: 0.000188
Time: 0.000185
Time: 0.000185
Time: 0.000188
Time: 0.000184
Time: 0.000184
Time: 0.000182
Time: 0.000182
Time: 0.000183
Time: 0.000184
Time: 0.000185
Time: 0.000183
Time: 0.000182
Time: 0.000183
Time: 0.000187
Time: 0.000183
Time: 0.000178
Time: 0.000178
Time: 0.000183
Time: 0.000185
Time: 0.000186
Time: 0.000190
Time: 0.000181
Time: 0.000180
Time: 0.000180
Time: 0.000182
Time: 0.000183
Time: 0.000182
Time: 0.000195
Time: 0.000195
Time: 0.000195
Time: 0.000191
Time: 0.000149
Time: 0.000133
Time: 0.000165
Time: 0.000178
Time: 0.000183
Time: 0.000184
Time: 0.000166
Time: 0.000165
Time: 0.000163
Time: 0.000164
Time: 0.000173
Time: 0.000162
Time: 0.000162
Time: 0.000165
Time: 0.000164
Time: 0.000163
Time: 0.000163
Time: 0.000164
Time: 0.000171
Time: 0.000164
Time: 0.000163
Time: 0.000164
Time: 0.000164
Time: 0.000164
Time: 0.000297
Time: 0.000177
Time: 0.000168
Time: 0.000166
Time: 0.000167
Time: 0.000164
Time: 0.000166
Time: 0.000167
Time: 0.000168
Time: 0.000167
Time: 0.000159
Time: 0.000163
Time: 0.000165
Time: 0.000166
Time: 0.000166
Time: 0.000161
Time: 0.000164
Time: 0.000164
Time: 0.000165
Time: 0.000165
Time: 0.000165
Time: 0.000165
Time: 0.000167
Time: 0.000163
Time: 0.000163
Time: 0.000164
Time: 0.000165
Time: 0.000165
Aveg: 0.000205

Size: 1000
Time: 0.001979
Time: 0.001624
Time: 0.001683
Time: 0.001692
Time: 0.001724
Time: 0.001677
Time: 0.001675
Time: 0.001678
Time: 0.001666
Time: 0.001678
Time: 0.001675
Time: 0.001692
Time: 0.001745
Time: 0.001752
Time: 0.001633
Time: 0.001706
Time: 0.001683
Time: 0.001688
Time: 0.001682
Time: 0.001675
Time: 0.001678
Time: 0.001671
Time: 0.001672
Time: 0.001675
Time: 0.001673
Time: 0.001673
Time: 0.001676
Time: 0.001683
Time: 0.001686
Time: 0.001683
Time: 0.001767
Time: 0.001617
Time: 0.001688
Time: 0.001685
Time: 0.001678
Time: 0.001674
Time: 0.001675
Time: 0.001684
Time: 0.001671
Time: 0.001673
Time: 0.001671
Time: 0.001672
Time: 0.001671
Time: 0.001670
Time: 0.001682
Time: 0.001675
Time: 0.001687
Time: 0.001698
Time: 0.001686
Time: 0.001673
Time: 0.001673
Time: 0.001668
Time: 0.001665
Time: 0.001673
Time: 0.001669
Time: 0.001677
Time: 0.001666
Time: 0.001676
Time: 0.001671
Time: 0.001667
Time: 0.001672
Time: 0.001671
Time: 0.001671
Time: 0.001676
Time: 0.001700
Time: 0.001676
Time: 0.001686
Time: 0.001688
Time: 0.001672
Time: 0.001675
Time: 0.001670
Time: 0.001670
Time: 0.001672
Time: 0.001671
Time: 0.001676
Time: 0.001669
Time: 0.001676
Time: 0.001671
Time: 0.001677
Time: 0.001666
Time: 0.001675
Time: 0.001679
Time: 0.001681
Time: 0.001683
Time: 0.001683
Time: 0.001679
Time: 0.001673
Time: 0.001676
Time: 0.001668
Time: 0.001668
Time: 0.001673
Time: 0.001668
Time: 0.001669
Time: 0.001664
Time: 0.001669
Time: 0.001671
Time: 0.001669
Time: 0.001672
Time: 0.001691
Time: 0.001693
Aveg: 0.001886

Size: 10000
Time: 0.021462
Time: 0.020746
Time: 0.020596
Time: 0.020278
Time: 0.020407
Time: 0.020503
Time: 0.020414
Time: 0.020226
Time: 0.020357
Time: 0.020247
Time: 0.020213
Time: 0.020520
Time: 0.020345
Time: 0.020425
Time: 0.020210
Time: 0.020368
Time: 0.020390
Time: 0.020268
Time: 0.020405
Time: 0.020509
Time: 0.020394
Time: 0.020232
Time: 0.020439
Time: 0.020409
Time: 0.020272
Time: 0.020329
Time: 0.020374
Time: 0.020346
Time: 0.020294
Time: 0.020274
Time: 0.020479
Time: 0.020170
Time: 0.020335
Time: 0.020256
Time: 0.020342
Time: 0.020193
Time: 0.020317
Time: 0.020462
Time: 0.019964
Time: 0.020370
Time: 0.020468
Time: 0.020377
Time: 0.020333
Time: 0.020433
Time: 0.020308
Time: 0.020273
Time: 0.020423
Time: 0.020691
Time: 0.020338
Time: 0.020350
Time: 0.020562
Time: 0.021245
Time: 0.021176
Time: 0.020679
Time: 0.019254
Time: 0.020845
Time: 0.019783
Time: 0.020410
Time: 0.020402
Time: 0.020328
Time: 0.020315
Time: 0.020472
Time: 0.020511
Time: 0.020377
Time: 0.020467
Time: 0.020414
Time: 0.020471
Time: 0.020422
Time: 0.020447
Time: 0.020451
Time: 0.020303
Time: 0.020373
Time: 0.020392
Time: 0.020338
Time: 0.020144
Time: 0.020399
Time: 0.020418
Time: 0.020389
Time: 0.020355
Time: 0.020442
Time: 0.020345
Time: 0.020231
Time: 0.020435
Time: 0.020423
Time: 0.020483
Time: 0.020297
Time: 0.020545
Time: 0.020361
Time: 0.020248
Time: 0.020406
Time: 0.020427
Time: 0.020334
Time: 0.020476
Time: 0.020238
Time: 0.020291
Time: 0.020213
Time: 0.020310
Time: 0.020298
Time: 0.020254
Time: 0.020434
Aveg: 0.022273

Size: 100000
Time: 0.250633
Time: 0.245612
Time: 0.244234
Time: 0.246600
Time: 0.244731
Time: 0.244836
Time: 0.244566
Time: 0.245350
Time: 0.242480
Time: 0.242424
Time: 0.244365
Time: 0.243589
Time: 0.244674
Time: 0.243064
Time: 0.244102
Time: 0.242368
Time: 0.244217
Time: 0.242574
Time: 0.242189
Time: 0.240908
Time: 0.242411
Time: 0.243083
Time: 0.243563
Time: 0.245191
Time: 0.241274
Time: 0.243337
Time: 0.243497
Time: 0.243414
Time: 0.243906
Time: 0.244338
Time: 0.244763
Time: 0.242048
Time: 0.244064
Time: 0.243454
Time: 0.242951
Time: 0.243269
Time: 0.244258
Time: 0.244855
Time: 0.243890
Time: 0.245020
Time: 0.244927
Time: 0.244527
Time: 0.241646
Time: 0.243306
Time: 0.243709
Time: 0.240982
Time: 0.243729
Time: 0.243984
Time: 0.245114
Time: 0.241589
Time: 0.243594
Time: 0.244939
Time: 0.242703
Time: 0.243974
Time: 0.244976
Time: 0.244592
Time: 0.243013
Time: 0.243227
Time: 0.243753
Time: 0.244428
Time: 0.244625
Time: 0.244057
Time: 0.244150
Time: 0.243490
Time: 0.244641
Time: 0.243273
Time: 0.242548
Time: 0.242039
Time: 0.245498
Time: 0.244528
Time: 0.243982
Time: 0.243991
Time: 0.243699
Time: 0.243267
Time: 0.242722
Time: 0.244357
Time: 0.243388
Time: 0.244225
Time: 0.243225
Time: 0.242627
Time: 0.245401
Time: 0.243453
Time: 0.243465
Time: 0.242267
Time: 0.243617
Time: 0.245435
Time: 0.243701
Time: 0.243424
Time: 0.242841
Time: 0.241644
Time: 0.243969
Time: 0.244672
Time: 0.243706
Time: 0.244251
Time: 0.243518
Time: 0.243215
Time: 0.244653
Time: 0.244198
Time: 0.242715
Time: 0.243716
Aveg: 0.266044

Size: 1000000
Time: 2.824679
Time: 2.772328
Time: 2.685376
Time: 2.810753
Time: 2.811675
Time: 2.768465
Time: 2.695534
Time: 2.808769
Time: 2.816895
Time: 2.768920
Time: 2.764077
Time: 2.777565
Time: 2.755249
Time: 2.766081
Time: 2.814025
Time: 2.770309
Time: 2.700220
Time: 2.814528
Time: 2.692912
Time: 2.816283
Time: 2.816879
Time: 2.745856
Time: 2.630693
Time: 2.807911
Time: 2.811520
Time: 2.811644
Time: 2.767475
Time: 2.809674
Time: 2.823902
Time: 2.732864
Time: 2.701434
Time: 2.768195
Time: 2.802696
Time: 2.789383
Time: 2.721062
Time: 2.678520
Time: 2.770566
Time: 2.695440
Time: 2.806789
Time: 2.788434
Time: 2.769009
Time: 2.769618
Time: 2.764804
Time: 2.768109
Time: 2.809799
Time: 2.695013
Time: 2.804614
Time: 2.769694
Time: 2.803688
Time: 2.766458
Time: 2.795108
Time: 2.719447
Time: 2.811181
Time: 2.755781
Time: 2.770529
Time: 2.710700
Time: 2.713401
Time: 2.720582
Time: 2.805600
Time: 2.749216
Time: 2.767809
Time: 2.809452
Time: 2.701578
Time: 2.768410
Time: 2.805379
Time: 2.764139
Time: 2.726202
Time: 2.702961
Time: 2.809713
Time: 2.718966
Time: 2.689734
Time: 2.781792
Time: 2.818380
Time: 2.820871
Time: 2.803928
Time: 2.820932
Time: 2.697155
Time: 2.808253
Time: 2.804210
Time: 2.694362
Time: 2.807505
Time: 2.813409
Time: 2.769166
Time: 2.769735
Time: 2.755042
Time: 2.810331
Time: 2.704998
Time: 2.710893
Time: 2.807406
Time: 2.805127
Time: 2.817403
Time: 2.806673
Time: 2.778450
Time: 2.716281
Time: 2.779650
Time: 2.633225
Time: 2.697062
Time: 2.767477
Time: 2.768486
Time: 2.811122
Aveg: 3.032360

