Size: 10
Time: 0.000110
Time: 0.000047
Time: 0.000030
Time: 0.000050
Time: 0.000033
Time: 0.000030
Time: 0.000029
Time: 0.000030
Time: 0.000039
Time: 0.000030
Time: 0.000030
Time: 0.000029
Time: 0.000029
Time: 0.000030
Time: 0.000030
Time: 0.000030
Time: 0.000046
Time: 0.000038
Time: 0.000029
Time: 0.000029
Time: 0.000029
Time: 0.000029
Time: 0.000029
Time: 0.000029
Time: 0.000030
Time: 0.000030
Time: 0.000030
Time: 0.000027
Time: 0.000027
Time: 0.000034
Time: 0.000027
Time: 0.000026
Time: 0.000026
Time: 0.000026
Time: 0.000026
Time: 0.000026
Time: 0.000026
Time: 0.000026
Time: 0.000032
Time: 0.000028
Time: 0.000029
Time: 0.000028
Time: 0.000029
Time: 0.000029
Time: 0.000029
Time: 0.000029
Time: 0.000029
Time: 0.000028
Time: 0.000028
Time: 0.000028
Time: 0.000028
Time: 0.000026
Time: 0.000026
Time: 0.000026
Time: 0.000025
Time: 0.000033
Time: 0.000028
Time: 0.000026
Time: 0.000026
Time: 0.000026
Time: 0.000026
Time: 0.000026
Time: 0.000026
Time: 0.000026
Time: 0.000025
Time: 0.000025
Time: 0.000026
Time: 0.000026
Time: 0.000025
Time: 0.000025
Time: 0.000025
Time: 0.000032
Time: 0.000025
Time: 0.000025
Time: 0.000025
Time: 0.000026
Time: 0.000025
Time: 0.000030
Time: 0.000028
Time: 0.000028
Time: 0.000030
Time: 0.000029
Time: 0.000029
Time: 0.000029
Time: 0.000032
Time: 0.000029
Time: 0.000029
Time: 0.000028
Time: 0.000028
Time: 0.000026
Time: 0.000027
Time: 0.000028
Time: 0.000027
Time: 0.000032
Time: 0.000031
Time: 0.000028
Time: 0.000028
Time: 0.000030
Time: 0.000029
Time: 0.000028
Aveg: 0.000030

Size: 100
Time: 0.000284
Time: 0.000206
Time: 0.000177
Time: 0.000189
Time: 0.000191
Time: 0.000259
Time: 0.000206
Time: 0.000186
Time: 0.000185
Time: 0.000185
Time: 0.000186
Time: 0.000186
Time: 0.000186
Time: 0.000187
Time: 0.000332
Time: 0.000210
Time: 0.000186
Time: 0.000187
Time: 0.000186
Time: 0.000188
Time: 0.000187
Time: 0.000188
Time: 0.000189
Time: 0.000185
Time: 0.000184
Time: 0.000183
Time: 0.000183
Time: 0.000182
Time: 0.000184
Time: 0.000186
Time: 0.000187
Time: 0.000186
Time: 0.000429
Time: 0.000215
Time: 0.000182
Time: 0.000189
Time: 0.000191
Time: 0.000187
Time: 0.000186
Time: 0.000184
Time: 0.000183
Time: 0.000184
Time: 0.000183
Time: 0.000184
Time: 0.000186
Time: 0.000186
Time: 0.000188
Time: 0.000185
Time: 0.000177
Time: 0.000171
Time: 0.000180
Time: 0.000168
Time: 0.000212
Time: 0.000188
Time: 0.000182
Time: 0.000169
Time: 0.000168
Time: 0.000168
Time: 0.000170
Time: 0.000168
Time: 0.000167
Time: 0.000167
Time: 0.000168
Time: 0.000167
Time: 0.000396
Time: 0.000179
Time: 0.000170
Time: 0.000169
Time: 0.000168
Time: 0.000167
Time: 0.000168
Time: 0.000167
Time: 0.000168
Time: 0.000171
Time: 0.000167
Time: 0.000167
Time: 0.000168
Time: 0.000167
Time: 0.000167
Time: 0.000167
Time: 0.000167
Time: 0.000167
Time: 0.000166
Time: 0.000166
Time: 0.000167
Time: 0.000167
Time: 0.000166
Time: 0.000167
Time: 0.000167
Time: 0.000166
Time: 0.000167
Time: 0.000167
Time: 0.000167
Time: 0.000166
Time: 0.000166
Time: 0.000168
Time: 0.000201
Time: 0.000178
Time: 0.000169
Time: 0.000168
Aveg: 0.000216

Size: 1000
Time: 0.001954
Time: 0.001724
Time: 0.001719
Time: 0.001742
Time: 0.001707
Time: 0.001697
Time: 0.001701
Time: 0.001695
Time: 0.001713
Time: 0.001713
Time: 0.001713
Time: 0.001752
Time: 0.001799
Time: 0.001766
Time: 0.001730
Time: 0.001735
Time: 0.001718
Time: 0.001716
Time: 0.001701
Time: 0.001704
Time: 0.001692
Time: 0.001702
Time: 0.001696
Time: 0.001697
Time: 0.001694
Time: 0.001692
Time: 0.001699
Time: 0.001711
Time: 0.001755
Time: 0.001776
Time: 0.001752
Time: 0.001717
Time: 0.001703
Time: 0.001697
Time: 0.001699
Time: 0.001696
Time: 0.001690
Time: 0.001700
Time: 0.001694
Time: 0.001698
Time: 0.001694
Time: 0.001700
Time: 0.001693
Time: 0.001693
Time: 0.001718
Time: 0.001741
Time: 0.001787
Time: 0.001746
Time: 0.001725
Time: 0.001704
Time: 0.001705
Time: 0.001693
Time: 0.001692
Time: 0.001693
Time: 0.001697
Time: 0.001706
Time: 0.001692
Time: 0.001696
Time: 0.001690
Time: 0.001694
Time: 0.001689
Time: 0.001710
Time: 0.001749
Time: 0.001775
Time: 0.001763
Time: 0.001729
Time: 0.001719
Time: 0.001698
Time: 0.001694
Time: 0.001693
Time: 0.001688
Time: 0.001693
Time: 0.001689
Time: 0.001697
Time: 0.001693
Time: 0.001691
Time: 0.001690
Time: 0.001694
Time: 0.001713
Time: 0.001758
Time: 0.001780
Time: 0.001747
Time: 0.001723
Time: 0.001703
Time: 0.001698
Time: 0.001696
Time: 0.001697
Time: 0.001690
Time: 0.001695
Time: 0.001704
Time: 0.001692
Time: 0.001697
Time: 0.001693
Time: 0.001693
Time: 0.001700
Time: 0.001718
Time: 0.001747
Time: 0.001771
Time: 0.001755
Time: 0.001727
Aveg: 0.001932

Size: 10000
Time: 0.021929
Time: 0.023543
Time: 0.021560
Time: 0.021793
Time: 0.021662
Time: 0.021988
Time: 0.021668
Time: 0.021845
Time: 0.021702
Time: 0.021782
Time: 0.021620
Time: 0.021741
Time: 0.021722
Time: 0.021772
Time: 0.021660
Time: 0.021856
Time: 0.021636
Time: 0.021790
Time: 0.021621
Time: 0.021731
Time: 0.021618
Time: 0.021843
Time: 0.021750
Time: 0.021729
Time: 0.021757
Time: 0.021804
Time: 0.021708
Time: 0.021736
Time: 0.021887
Time: 0.021588
Time: 0.021776
Time: 0.021726
Time: 0.021830
Time: 0.021605
Time: 0.021683
Time: 0.021634
Time: 0.021949
Time: 0.021618
Time: 0.021754
Time: 0.021641
Time: 0.021877
Time: 0.021606
Time: 0.021633
Time: 0.021790
Time: 0.021822
Time: 0.021706
Time: 0.021697
Time: 0.021666
Time: 0.021774
Time: 0.021682
Time: 0.021564
Time: 0.021641
Time: 0.021759
Time: 0.021713
Time: 0.021702
Time: 0.021857
Time: 0.021796
Time: 0.021797
Time: 0.021769
Time: 0.021898
Time: 0.021697
Time: 0.021816
Time: 0.021759
Time: 0.022015
Time: 0.021691
Time: 0.021753
Time: 0.021788
Time: 0.022087
Time: 0.021657
Time: 0.021725
Time: 0.021745
Time: 0.021868
Time: 0.021696
Time: 0.021594
Time: 0.021651
Time: 0.021818
Time: 0.021641
Time: 0.021690
Time: 0.021631
Time: 0.021817
Time: 0.021702
Time: 0.021779
Time: 0.021838
Time: 0.021628
Time: 0.021722
Time: 0.021665
Time: 0.022000
Time: 0.021745
Time: 0.021688
Time: 0.021742
Time: 0.022069
Time: 0.021644
Time: 0.021750
Time: 0.021570
Time: 0.021760
Time: 0.021643
Time: 0.021642
Time: 0.021560
Time: 0.021890
Time: 0.021525
Aveg: 0.023689

Size: 100000
Time: 0.257248
Time: 0.252781
Time: 0.249135
Time: 0.250717
Time: 0.249426
Time: 0.250255
Time: 0.248601
Time: 0.249284
Time: 0.247984
Time: 0.248014
Time: 0.249344
Time: 0.248568
Time: 0.249759
Time: 0.248963
Time: 0.248778
Time: 0.248727
Time: 0.248811
Time: 0.248925
Time: 0.248496
Time: 0.247394
Time: 0.247942
Time: 0.248560
Time: 0.248308
Time: 0.249595
Time: 0.248129
Time: 0.248623
Time: 0.248990
Time: 0.247927
Time: 0.249378
Time: 0.249379
Time: 0.250118
Time: 0.248337
Time: 0.249310
Time: 0.248355
Time: 0.247976
Time: 0.248163
Time: 0.249778
Time: 0.249805
Time: 0.248985
Time: 0.249254
Time: 0.249289
Time: 0.249367
Time: 0.247105
Time: 0.248566
Time: 0.248418
Time: 0.247742
Time: 0.249320
Time: 0.249366
Time: 0.249464
Time: 0.247688
Time: 0.248437
Time: 0.249943
Time: 0.248267
Time: 0.249017
Time: 0.248636
Time: 0.249296
Time: 0.247615
Time: 0.249503
Time: 0.248676
Time: 0.250116
Time: 0.249656
Time: 0.249072
Time: 0.248505
Time: 0.247400
Time: 0.249001
Time: 0.248416
Time: 0.247876
Time: 0.247658
Time: 0.249774
Time: 0.249634
Time: 0.249426
Time: 0.249446
Time: 0.248835
Time: 0.249427
Time: 0.247653
Time: 0.249685
Time: 0.248507
Time: 0.248973
Time: 0.248538
Time: 0.247923
Time: 0.250170
Time: 0.248255
Time: 0.248717
Time: 0.248536
Time: 0.248963
Time: 0.249902
Time: 0.248409
Time: 0.248695
Time: 0.248826
Time: 0.246681
Time: 0.249049
Time: 0.249321
Time: 0.249506
Time: 0.254651
Time: 0.245304
Time: 0.254448
Time: 0.253762
Time: 0.253125
Time: 0.252198
Time: 0.253257
Aveg: 0.272900

Size: 1000000
Time: 2.923069
Time: 2.852609
Time: 2.774162
Time: 2.904259
Time: 2.900564
Time: 2.855031
Time: 2.791881
Time: 2.906390
Time: 2.904345
Time: 2.856592
Time: 2.859942
Time: 2.856940
Time: 2.846022
Time: 2.855078
Time: 2.904221
Time: 2.858154
Time: 2.790865
Time: 2.907270
Time: 2.792396
Time: 2.909162
Time: 2.910907
Time: 2.833021
Time: 2.710897
Time: 2.907118
Time: 2.910415
Time: 2.914131
Time: 2.858675
Time: 2.916642
Time: 2.916611
Time: 2.835560
Time: 2.797209
Time: 2.868872
Time: 2.906703
Time: 2.884976
Time: 2.822775
Time: 2.782791
Time: 2.869821
Time: 2.801286
Time: 2.913230
Time: 2.890716
Time: 2.862117
Time: 2.868144
Time: 2.861182
Time: 2.870529
Time: 2.910445
Time: 2.799914
Time: 2.909179
Time: 2.862007
Time: 2.907885
Time: 2.861339
Time: 2.893308
Time: 2.818686
Time: 2.908457
Time: 2.848789
Time: 2.864146
Time: 2.814012
Time: 2.812208
Time: 2.820845
Time: 2.908431
Time: 2.855625
Time: 2.865990
Time: 2.914761
Time: 2.797488
Time: 2.862711
Time: 2.894644
Time: 2.831730
Time: 2.790692
Time: 2.764841
Time: 2.889569
Time: 2.782682
Time: 2.752587
Time: 2.852674
Time: 2.895283
Time: 2.893491
Time: 2.890274
Time: 2.894250
Time: 2.754438
Time: 2.888954
Time: 2.888057
Time: 2.776932
Time: 2.872127
Time: 2.877305
Time: 2.916578
Time: 2.909543
Time: 2.898749
Time: 2.955951
Time: 2.833153
Time: 2.850626
Time: 2.948166
Time: 2.951734
Time: 2.954332
Time: 2.953486
Time: 2.903447
Time: 2.838312
Time: 2.910772
Time: 2.774207
Time: 2.819563
Time: 2.902942
Time: 2.905959
Time: 2.990752
Aveg: 3.138984

