Size: 10
Time: 0.000143
Time: 0.000046
Time: 0.000032
Time: 0.000052
Time: 0.000032
Time: 0.000029
Time: 0.000030
Time: 0.000029
Time: 0.000038
Time: 0.000029
Time: 0.000030
Time: 0.000028
Time: 0.000028
Time: 0.000029
Time: 0.000031
Time: 0.000029
Time: 0.000049
Time: 0.000038
Time: 0.000029
Time: 0.000028
Time: 0.000029
Time: 0.000029
Time: 0.000028
Time: 0.000029
Time: 0.000028
Time: 0.000028
Time: 0.000030
Time: 0.000028
Time: 0.000028
Time: 0.000028
Time: 0.000028
Time: 0.000028
Time: 0.000029
Time: 0.000028
Time: 0.000028
Time: 0.000028
Time: 0.000028
Time: 0.000037
Time: 0.000030
Time: 0.000029
Time: 0.000029
Time: 0.000029
Time: 0.000029
Time: 0.000028
Time: 0.000029
Time: 0.000032
Time: 0.000028
Time: 0.000028
Time: 0.000028
Time: 0.000027
Time: 0.000028
Time: 0.000028
Time: 0.000029
Time: 0.000028
Time: 0.000035
Time: 0.000028
Time: 0.000028
Time: 0.000029
Time: 0.000028
Time: 0.000029
Time: 0.000028
Time: 0.000029
Time: 0.000029
Time: 0.000028
Time: 0.000028
Time: 0.000028
Time: 0.000028
Time: 0.000029
Time: 0.000028
Time: 0.000028
Time: 0.000029
Time: 0.000028
Time: 0.000036
Time: 0.000028
Time: 0.000028
Time: 0.000029
Time: 0.000028
Time: 0.000029
Time: 0.000028
Time: 0.000028
Time: 0.000028
Time: 0.000029
Time: 0.000028
Time: 0.000028
Time: 0.000028
Time: 0.000028
Time: 0.000028
Time: 0.000028
Time: 0.000027
Time: 0.000028
Time: 0.000028
Time: 0.000029
Time: 0.000028
Time: 0.000030
Time: 0.000029
Time: 0.000028
Time: 0.000030
Time: 0.000029
Time: 0.000028
Time: 0.000029
Aveg: 0.000031

Size: 100
Time: 0.000215
Time: 0.000139
Time: 0.000144
Time: 0.000127
Time: 0.000125
Time: 0.000140
Time: 0.000124
Time: 0.000124
Time: 0.000157
Time: 0.000126
Time: 0.000124
Time: 0.000122
Time: 0.000156
Time: 0.000125
Time: 0.000124
Time: 0.000123
Time: 0.000123
Time: 0.000159
Time: 0.000128
Time: 0.000128
Time: 0.000123
Time: 0.000122
Time: 0.000123
Time: 0.000122
Time: 0.000181
Time: 0.000128
Time: 0.000123
Time: 0.000127
Time: 0.000243
Time: 0.000183
Time: 0.000180
Time: 0.000166
Time: 0.000171
Time: 0.000321
Time: 0.000229
Time: 0.000191
Time: 0.000188
Time: 0.000187
Time: 0.000183
Time: 0.000147
Time: 0.000139
Time: 0.000142
Time: 0.000141
Time: 0.000152
Time: 0.000179
Time: 0.000158
Time: 0.000168
Time: 0.000165
Time: 0.000168
Time: 0.000449
Time: 0.000192
Time: 0.000126
Time: 0.000125
Time: 0.000124
Time: 0.000123
Time: 0.000122
Time: 0.000123
Time: 0.000122
Time: 0.000123
Time: 0.000123
Time: 0.000122
Time: 0.000122
Time: 0.000121
Time: 0.000121
Time: 0.000122
Time: 0.000122
Time: 0.000122
Time: 0.000121
Time: 0.000122
Time: 0.000124
Time: 0.000122
Time: 0.000122
Time: 0.000122
Time: 0.000122
Time: 0.000133
Time: 0.000302
Time: 0.000132
Time: 0.000124
Time: 0.000123
Time: 0.000124
Time: 0.000122
Time: 0.000122
Time: 0.000122
Time: 0.000122
Time: 0.000121
Time: 0.000122
Time: 0.000122
Time: 0.000121
Time: 0.000121
Time: 0.000121
Time: 0.000121
Time: 0.000122
Time: 0.000121
Time: 0.000121
Time: 0.000121
Time: 0.000121
Time: 0.000121
Time: 0.000121
Time: 0.000121
Time: 0.000122
Aveg: 0.000175

Size: 1000
Time: 0.001322
Time: 0.000994
Time: 0.000985
Time: 0.001021
Time: 0.000987
Time: 0.001003
Time: 0.000984
Time: 0.001054
Time: 0.001071
Time: 0.001006
Time: 0.000989
Time: 0.001009
Time: 0.000991
Time: 0.000985
Time: 0.001039
Time: 0.001010
Time: 0.001021
Time: 0.001689
Time: 0.001644
Time: 0.001525
Time: 0.001256
Time: 0.001003
Time: 0.001063
Time: 0.001025
Time: 0.000986
Time: 0.001002
Time: 0.000982
Time: 0.001017
Time: 0.000996
Time: 0.000981
Time: 0.000991
Time: 0.000993
Time: 0.001001
Time: 0.000995
Time: 0.000985
Time: 0.001052
Time: 0.001012
Time: 0.000999
Time: 0.001016
Time: 0.000985
Time: 0.001006
Time: 0.000990
Time: 0.001007
Time: 0.001713
Time: 0.001463
Time: 0.001485
Time: 0.001291
Time: 0.000992
Time: 0.001031
Time: 0.000994
Time: 0.000990
Time: 0.000982
Time: 0.001042
Time: 0.001028
Time: 0.000993
Time: 0.001000
Time: 0.001011
Time: 0.000979
Time: 0.000997
Time: 0.000999
Time: 0.000987
Time: 0.000989
Time: 0.000984
Time: 0.001017
Time: 0.001000
Time: 0.001001
Time: 0.000983
Time: 0.000991
Time: 0.000984
Time: 0.000985
Time: 0.001770
Time: 0.001441
Time: 0.001582
Time: 0.001278
Time: 0.000988
Time: 0.001026
Time: 0.001017
Time: 0.000996
Time: 0.000986
Time: 0.000992
Time: 0.000991
Time: 0.000986
Time: 0.000991
Time: 0.001314
Time: 0.001058
Time: 0.001010
Time: 0.000998
Time: 0.001067
Time: 0.001021
Time: 0.000986
Time: 0.000999
Time: 0.000986
Time: 0.000989
Time: 0.000987
Time: 0.001003
Time: 0.000988
Time: 0.001693
Time: 0.001607
Time: 0.001499
Time: 0.001252
Aveg: 0.001266

Size: 10000
Time: 0.014850
Time: 0.016278
Time: 0.014556
Time: 0.016332
Time: 0.015312
Time: 0.014775
Time: 0.015871
Time: 0.014565
Time: 0.016073
Time: 0.014412
Time: 0.016048
Time: 0.014732
Time: 0.015174
Time: 0.015973
Time: 0.014570
Time: 0.016127
Time: 0.014514
Time: 0.016297
Time: 0.014985
Time: 0.014811
Time: 0.015816
Time: 0.014528
Time: 0.016194
Time: 0.014492
Time: 0.016230
Time: 0.014901
Time: 0.014968
Time: 0.016262
Time: 0.014292
Time: 0.016106
Time: 0.014612
Time: 0.016131
Time: 0.015194
Time: 0.014863
Time: 0.015928
Time: 0.014375
Time: 0.016122
Time: 0.014384
Time: 0.016249
Time: 0.015055
Time: 0.014801
Time: 0.015908
Time: 0.014653
Time: 0.016257
Time: 0.014512
Time: 0.015990
Time: 0.015721
Time: 0.022029
Time: 0.022077
Time: 0.022086
Time: 0.021862
Time: 0.021812
Time: 0.021680
Time: 0.022029
Time: 0.021794
Time: 0.021767
Time: 0.021880
Time: 0.021774
Time: 0.022001
Time: 0.021842
Time: 0.021960
Time: 0.021858
Time: 0.021819
Time: 0.022006
Time: 0.021751
Time: 0.021925
Time: 0.021747
Time: 0.021647
Time: 0.021968
Time: 0.021739
Time: 0.022038
Time: 0.021869
Time: 0.021823
Time: 0.021929
Time: 0.021744
Time: 0.021922
Time: 0.021769
Time: 0.021703
Time: 0.026087
Time: 0.024205
Time: 0.022317
Time: 0.023894
Time: 0.023335
Time: 0.023081
Time: 0.022343
Time: 0.022306
Time: 0.022328
Time: 0.022311
Time: 0.021809
Time: 0.022140
Time: 0.022095
Time: 0.022290
Time: 0.022120
Time: 0.021612
Time: 0.022195
Time: 0.022145
Time: 0.022217
Time: 0.022241
Time: 0.021805
Time: 0.022642
Aveg: 0.020227

Size: 100000
Time: 0.268669
Time: 0.264640
Time: 0.261634
Time: 0.261965
Time: 0.260366
Time: 0.260396
Time: 0.258845
Time: 0.260515
Time: 0.259104
Time: 0.258297
Time: 0.260651
Time: 0.260498
Time: 0.260979
Time: 0.259290
Time: 0.258817
Time: 0.259814
Time: 0.259094
Time: 0.260042
Time: 0.259713
Time: 0.259052
Time: 0.259341
Time: 0.258802
Time: 0.259688
Time: 0.260005
Time: 0.259345
Time: 0.259575
Time: 0.260705
Time: 0.260308
Time: 0.260568
Time: 0.260311
Time: 0.260726
Time: 0.259120
Time: 0.260171
Time: 0.259346
Time: 0.259597
Time: 0.259501
Time: 0.259932
Time: 0.260308
Time: 0.259704
Time: 0.260464
Time: 0.259637
Time: 0.260846
Time: 0.258678
Time: 0.259088
Time: 0.258905
Time: 0.259290
Time: 0.260495
Time: 0.260198
Time: 0.260347
Time: 0.258194
Time: 0.259582
Time: 0.260672
Time: 0.259801
Time: 0.260892
Time: 0.260231
Time: 0.259979
Time: 0.259646
Time: 0.259940
Time: 0.259757
Time: 0.260056
Time: 0.260770
Time: 0.260136
Time: 0.259887
Time: 0.259668
Time: 0.260226
Time: 0.259788
Time: 0.258501
Time: 0.258861
Time: 0.259765
Time: 0.260345
Time: 0.260637
Time: 0.260416
Time: 0.260673
Time: 0.260253
Time: 0.257728
Time: 0.260077
Time: 0.259328
Time: 0.260056
Time: 0.259424
Time: 0.259025
Time: 0.260401
Time: 0.259718
Time: 0.259520
Time: 0.259373
Time: 0.260248
Time: 0.260136
Time: 0.259224
Time: 0.259523
Time: 0.259844
Time: 0.257032
Time: 0.260677
Time: 0.260513
Time: 0.260025
Time: 0.260290
Time: 0.260376
Time: 0.259673
Time: 0.259546
Time: 0.259575
Time: 0.259511
Time: 0.260315
Aveg: 0.280200

Size: 1000000
Time: 2.992583
Time: 2.936749
Time: 2.845302
Time: 2.981288
Time: 2.977439
Time: 2.940087
Time: 2.874094
Time: 2.998839
Time: 2.992424
Time: 2.955676
Time: 2.950070
Time: 2.953312
Time: 2.935698
Time: 2.954010
Time: 2.995231
Time: 2.954622
Time: 2.877971
Time: 2.997430
Time: 2.872761
Time: 3.001156
Time: 2.996468
Time: 2.920865
Time: 2.812408
Time: 2.995471
Time: 3.001540
Time: 2.994894
Time: 2.947134
Time: 2.998135
Time: 3.003092
Time: 2.913780
Time: 2.098869
Time: 2.137356
Time: 2.176407
Time: 2.141502
Time: 2.098355
Time: 2.077813
Time: 2.138342
Time: 2.078252
Time: 2.165898
Time: 2.144084
Time: 2.144254
Time: 2.139537
Time: 2.140888
Time: 2.140454
Time: 2.167412
Time: 2.070937
Time: 2.170250
Time: 2.138925
Time: 2.297163
Time: 2.137379
Time: 2.157586
Time: 2.099157
Time: 2.172600
Time: 2.115685
Time: 2.139464
Time: 2.093134
Time: 2.093842
Time: 2.096801
Time: 2.170650
Time: 2.110467
Time: 2.137222
Time: 2.165557
Time: 2.080906
Time: 2.131863
Time: 2.174956
Time: 2.114839
Time: 2.106392
Time: 2.079333
Time: 2.169985
Time: 2.107285
Time: 2.076869
Time: 2.137103
Time: 2.177677
Time: 2.172525
Time: 2.163345
Time: 2.269485
Time: 2.080218
Time: 2.166088
Time: 2.169282
Time: 2.074284
Time: 2.165801
Time: 2.254122
Time: 2.144748
Time: 2.145514
Time: 2.125041
Time: 2.170476
Time: 2.090443
Time: 2.096870
Time: 2.169188
Time: 2.164061
Time: 2.182238
Time: 2.168713
Time: 2.137511
Time: 2.087218
Time: 2.133943
Time: 2.055645
Time: 2.081730
Time: 2.141555
Time: 2.136586
Time: 2.166202
Aveg: 2.662168

