Size: 10
Time: 0.002222
Time: 0.000056
Time: 0.000028
Time: 0.000021
Time: 0.000021
Time: 0.000020
Time: 0.000019
Time: 0.000020
Time: 0.000088
Time: 0.000031
Time: 0.000019
Time: 0.000018
Time: 0.000018
Time: 0.000018
Time: 0.000019
Time: 0.000019
Time: 0.000096
Time: 0.000028
Time: 0.000019
Time: 0.000019
Time: 0.000019
Time: 0.000019
Time: 0.000019
Time: 0.000019
Time: 0.000018
Time: 0.000018
Time: 0.000018
Time: 0.000018
Time: 0.000019
Time: 0.000018
Time: 0.000019
Time: 0.000018
Time: 0.000017
Time: 0.000017
Time: 0.000017
Time: 0.000018
Time: 0.000018
Time: 0.000220
Time: 0.000051
Time: 0.000027
Time: 0.000020
Time: 0.000020
Time: 0.000019
Time: 0.000018
Time: 0.000083
Time: 0.000032
Time: 0.000025
Time: 0.000022
Time: 0.000021
Time: 0.000025
Time: 0.000022
Time: 0.000022
Time: 0.000021
Time: 0.000021
Time: 0.000021
Time: 0.000021
Time: 0.000020
Time: 0.000020
Time: 0.000019
Time: 0.000019
Time: 0.000019
Time: 0.000019
Time: 0.000019
Time: 0.000020
Time: 0.000019
Time: 0.000018
Time: 0.000447
Time: 0.000323
Time: 0.000030
Time: 0.000018
Time: 0.000019
Time: 0.000018
Time: 0.000018
Time: 0.000017
Time: 0.000018
Time: 0.000017
Time: 0.000019
Time: 0.000018
Time: 0.000018
Time: 0.000017
Time: 0.000017
Time: 0.000018
Time: 0.000017
Time: 0.000017
Time: 0.000017
Time: 0.000017
Time: 0.000016
Time: 0.000017
Time: 0.000017
Time: 0.000033
Time: 0.000025
Time: 0.000017
Time: 0.000017
Time: 0.000017
Time: 0.000017
Time: 0.000022
Time: 0.000019
Time: 0.000017
Time: 0.000016
Time: 0.000016
Aveg: 0.000054

Size: 100
Time: 0.000129
Time: 0.000094
Time: 0.000105
Time: 0.000091
Time: 0.000091
Time: 0.000091
Time: 0.000090
Time: 0.000090
Time: 0.000089
Time: 0.000091
Time: 0.000090
Time: 0.000107
Time: 0.000090
Time: 0.000090
Time: 0.000093
Time: 0.000090
Time: 0.000090
Time: 0.000090
Time: 0.000090
Time: 0.000090
Time: 0.000090
Time: 0.000089
Time: 0.000089
Time: 0.000089
Time: 0.000090
Time: 0.000089
Time: 0.000127
Time: 0.000090
Time: 0.000090
Time: 0.000090
Time: 0.000090
Time: 0.000089
Time: 0.000089
Time: 0.000089
Time: 0.000089
Time: 0.000090
Time: 0.000090
Time: 0.000089
Time: 0.000089
Time: 0.000091
Time: 0.000089
Time: 0.000089
Time: 0.000089
Time: 0.000089
Time: 0.000089
Time: 0.000090
Time: 0.000090
Time: 0.000090
Time: 0.000105
Time: 0.000095
Time: 0.000094
Time: 0.000094
Time: 0.000133
Time: 0.000093
Time: 0.000092
Time: 0.000091
Time: 0.000090
Time: 0.000090
Time: 0.000091
Time: 0.000090
Time: 0.000090
Time: 0.000090
Time: 0.000089
Time: 0.000090
Time: 0.000091
Time: 0.000089
Time: 0.000090
Time: 0.000090
Time: 0.000090
Time: 0.000090
Time: 0.000089
Time: 0.000090
Time: 0.000090
Time: 0.000089
Time: 0.000090
Time: 0.000089
Time: 0.000090
Time: 0.000089
Time: 0.000089
Time: 0.000090
Time: 0.000089
Time: 0.000089
Time: 0.000089
Time: 0.000089
Time: 0.000114
Time: 0.000095
Time: 0.000091
Time: 0.000091
Time: 0.000090
Time: 0.000091
Time: 0.000091
Time: 0.000090
Time: 0.000090
Time: 0.000090
Time: 0.000090
Time: 0.000090
Time: 0.000090
Time: 0.000090
Time: 0.000090
Time: 0.000091
Aveg: 0.000146

Size: 1000
Time: 0.001198
Time: 0.001039
Time: 0.001404
Time: 0.000886
Time: 0.005177
Time: 0.000873
Time: 0.001094
Time: 0.001061
Time: 0.001094
Time: 0.001066
Time: 0.001031
Time: 0.001028
Time: 0.001026
Time: 0.001026
Time: 0.001011
Time: 0.001077
Time: 0.001041
Time: 0.001030
Time: 0.001023
Time: 0.001022
Time: 0.001019
Time: 0.001035
Time: 0.001036
Time: 0.001025
Time: 0.001022
Time: 0.001017
Time: 0.003868
Time: 0.002051
Time: 0.000980
Time: 0.001006
Time: 0.001069
Time: 0.001033
Time: 0.001031
Time: 0.001025
Time: 0.001016
Time: 0.001016
Time: 0.001036
Time: 0.001037
Time: 0.001027
Time: 0.001045
Time: 0.000978
Time: 0.001001
Time: 0.001010
Time: 0.001001
Time: 0.001005
Time: 0.001004
Time: 0.001012
Time: 0.001145
Time: 0.000942
Time: 0.003618
Time: 0.000878
Time: 0.001057
Time: 0.000986
Time: 0.001030
Time: 0.001025
Time: 0.001011
Time: 0.001019
Time: 0.001001
Time: 0.001043
Time: 0.000988
Time: 0.001003
Time: 0.001008
Time: 0.000992
Time: 0.001003
Time: 0.001010
Time: 0.001009
Time: 0.001015
Time: 0.001006
Time: 0.000997
Time: 0.000991
Time: 0.001007
Time: 0.000990
Time: 0.003554
Time: 0.002075
Time: 0.000990
Time: 0.000988
Time: 0.001038
Time: 0.001016
Time: 0.001008
Time: 0.001007
Time: 0.000999
Time: 0.000994
Time: 0.000997
Time: 0.001003
Time: 0.001016
Time: 0.001014
Time: 0.001016
Time: 0.001023
Time: 0.001002
Time: 0.001002
Time: 0.000998
Time: 0.001015
Time: 0.000998
Time: 0.001013
Time: 0.001020
Time: 0.003720
Time: 0.002062
Time: 0.000991
Time: 0.000971
Time: 0.001030
Aveg: 0.001345

Size: 10000
Time: 0.014824
Time: 0.017134
Time: 0.018491
Time: 0.012800
Time: 0.016367
Time: 0.013888
Time: 0.017647
Time: 0.013767
Time: 0.011468
Time: 0.017610
Time: 0.013692
Time: 0.011541
Time: 0.016382
Time: 0.013751
Time: 0.019120
Time: 0.016743
Time: 0.013646
Time: 0.017303
Time: 0.013674
Time: 0.012467
Time: 0.018949
Time: 0.012662
Time: 0.017802
Time: 0.015989
Time: 0.013888
Time: 0.016947
Time: 0.013689
Time: 0.015501
Time: 0.018016
Time: 0.013792
Time: 0.018726
Time: 0.016685
Time: 0.013715
Time: 0.017459
Time: 0.013741
Time: 0.015599
Time: 0.017837
Time: 0.013692
Time: 0.018696
Time: 0.016674
Time: 0.014462
Time: 0.016294
Time: 0.013763
Time: 0.015490
Time: 0.016928
Time: 0.013769
Time: 0.016420
Time: 0.013241
Time: 0.015601
Time: 0.014687
Time: 0.013712
Time: 0.020488
Time: 0.015792
Time: 0.016459
Time: 0.015052
Time: 0.013678
Time: 0.017009
Time: 0.012807
Time: 0.015708
Time: 0.016061
Time: 0.013773
Time: 0.017649
Time: 0.020984
Time: 0.012088
Time: 0.017571
Time: 0.013762
Time: 0.015486
Time: 0.017888
Time: 0.013765
Time: 0.018808
Time: 0.016695
Time: 0.013814
Time: 0.017331
Time: 0.014517
Time: 0.011453
Time: 0.017631
Time: 0.013746
Time: 0.018812
Time: 0.017751
Time: 0.013855
Time: 0.016884
Time: 0.013789
Time: 0.011562
Time: 0.017528
Time: 0.013905
Time: 0.014692
Time: 0.017747
Time: 0.013800
Time: 0.018451
Time: 0.017248
Time: 0.013858
Time: 0.016021
Time: 0.013650
Time: 0.018556
Time: 0.017744
Time: 0.012649
Time: 0.015919
Time: 0.013510
Time: 0.016796
Time: 0.012847
Aveg: 0.016889

Size: 100000
Time: 0.180269
Time: 0.189750
Time: 0.177475
Time: 0.170992
Time: 0.176010
Time: 0.170104
Time: 0.171860
Time: 0.174253
Time: 0.170703
Time: 0.171367
Time: 0.181383
Time: 0.171787
Time: 0.173200
Time: 0.174551
Time: 0.173983
Time: 0.172001
Time: 0.186335
Time: 0.173353
Time: 0.173521
Time: 0.169851
Time: 0.171645
Time: 0.172745
Time: 0.170070
Time: 0.170928
Time: 0.182404
Time: 0.172797
Time: 0.172016
Time: 0.171963
Time: 0.173748
Time: 0.171268
Time: 0.173559
Time: 0.173375
Time: 0.171908
Time: 0.170865
Time: 0.180207
Time: 0.181398
Time: 0.181459
Time: 0.179128
Time: 0.174837
Time: 0.172708
Time: 0.174460
Time: 0.170598
Time: 0.181713
Time: 0.173910
Time: 0.173525
Time: 0.173224
Time: 0.174309
Time: 0.170963
Time: 0.170284
Time: 0.172888
Time: 0.172107
Time: 0.184738
Time: 0.170174
Time: 0.174758
Time: 0.169576
Time: 0.170224
Time: 0.174599
Time: 0.169598
Time: 0.182971
Time: 0.183373
Time: 0.169680
Time: 0.175087
Time: 0.189156
Time: 0.169472
Time: 0.178054
Time: 0.172471
Time: 0.169174
Time: 0.182341
Time: 0.174452
Time: 0.183381
Time: 0.184173
Time: 0.181714
Time: 0.170558
Time: 0.173353
Time: 0.169113
Time: 0.172412
Time: 0.185002
Time: 0.170680
Time: 0.170471
Time: 0.180978
Time: 0.170791
Time: 0.184523
Time: 0.180876
Time: 0.178756
Time: 0.180093
Time: 0.172580
Time: 0.176132
Time: 0.190307
Time: 0.180120
Time: 0.181721
Time: 0.176986
Time: 0.183560
Time: 0.181041
Time: 0.183232
Time: 0.171262
Time: 0.180406
Time: 0.184006
Time: 0.174702
Time: 0.185235
Time: 0.170293
Aveg: 0.192770

Size: 1000000
Time: 2.125574
Time: 2.038029
Time: 1.968750
Time: 2.090803
Time: 2.172173
Time: 2.043234
Time: 1.970049
Time: 2.073655
Time: 2.081575
Time: 2.045160
Time: 2.065705
Time: 2.039096
Time: 2.031430
Time: 2.039728
Time: 2.082397
Time: 2.048273
Time: 1.976234
Time: 2.083444
Time: 1.989166
Time: 2.076264
Time: 2.087435
Time: 2.008192
Time: 1.919538
Time: 2.078369
Time: 2.090896
Time: 2.088268
Time: 2.034907
Time: 2.094481
Time: 2.090407
Time: 2.008895
Time: 2.120939
Time: 1.942180
Time: 2.091444
Time: 2.069321
Time: 2.002973
Time: 1.959050
Time: 2.042079
Time: 1.990141
Time: 2.088818
Time: 2.055449
Time: 2.041601
Time: 2.037549
Time: 2.043154
Time: 2.045696
Time: 2.106576
Time: 1.994851
Time: 2.087785
Time: 2.050907
Time: 2.085330
Time: 2.045156
Time: 2.070303
Time: 2.000309
Time: 2.093198
Time: 2.022298
Time: 2.043833
Time: 1.996776
Time: 1.986881
Time: 2.063341
Time: 2.087982
Time: 2.018686
Time: 2.049129
Time: 2.081608
Time: 1.991797
Time: 2.085983
Time: 2.060242
Time: 2.032399
Time: 1.992286
Time: 1.981342
Time: 2.083963
Time: 1.988031
Time: 1.973058
Time: 2.054210
Time: 2.091436
Time: 2.089121
Time: 2.082955
Time: 2.087180
Time: 1.981523
Time: 2.084127
Time: 2.087558
Time: 1.974769
Time: 2.070115
Time: 2.072666
Time: 2.046372
Time: 2.145087
Time: 2.036736
Time: 2.091885
Time: 1.985121
Time: 2.001801
Time: 2.092657
Time: 2.085356
Time: 2.092555
Time: 2.083960
Time: 2.045281
Time: 2.007118
Time: 2.039400
Time: 1.915870
Time: 2.000222
Time: 2.037379
Time: 2.051102
Time: 2.078933
Aveg: 2.239360

